<?xml version="1.0" encoding="UTF-8" standalone="no"?><testsuite errors="0" failures="0" name="Search by keyword" skipped="0" tests="9" time="42.19" timestamp="2026-01-08 10:28:41"><testcase name="Searching for 'lemon'"/><testcase name="Searching for 'orange'"/><testcase name="Searching for 'apple'"/><testcase name="Searching for 'blue'"/><testcase name="Searching for 'green'"/><testcase name="Searching for 'red'"/><testcase name="Searching for 'cat'"/><testcase name="Searching for 'dog'"/><testcase name="Searching for 'fish'"/></testsuite>